2025-11-19 22:37:54,454 | INFO | utils.db | Started Connetion with PostGress Database
2025-11-19 22:38:18,120 | INFO | utils.db | Started Connetion with PostGress Database
2025-11-19 22:40:03,839 | INFO | utils.db | Started Connetion with PostGress Database
2025-11-19 22:42:19,516 | INFO | utils.db | Started Connetion with PostGress Database
2025-11-19 22:42:19,673 | ERROR | utils.db | Exception occurred while connecting to database
Traceback (most recent call last):
  File "C:\Users\omerj\Documents\Revature\Project_1\Revature-Cognizant-Project1\src\utils\db.py", line 11, in get_db_connection
    conn = psycopg.connect(
        host = db["host"],
    ...<3 lines>...
        password = db["password"]
    )
  File "C:\Users\omerj\Documents\Revature\Project_1\Revature-Cognizant-Project1\.venv\Lib\site-packages\psycopg\connection.py", line 127, in connect
    raise type(last_ex)("\n".join(lines)).with_traceback(None)
psycopg.OperationalError: connection failed: connection to server at "127.0.0.1", port 5432 failed: FATAL:  password authentication failed for user "etluser"
Multiple connection attempts failed. All failures were:
- host: 'localhost', port: 5432, hostaddr: '::1': connection failed: connection to server at "::1", port 5432 failed: FATAL:  password authentication failed for user "etluser"
- host: 'localhost', port: 5432, hostaddr: '127.0.0.1': connection failed: connection to server at "127.0.0.1", port 5432 failed: FATAL:  password authentication failed for user "etluser"
2025-11-19 22:48:01,067 | ERROR | utils.db | Exception occurred while connecting to database
Traceback (most recent call last):
  File "C:\Users\omerj\Documents\Revature\Project_1\Revature-Cognizant-Project1\src\utils\db.py", line 10, in get_db_connection
    conn = psycopg.connect(
        host=db["host"],
    ...<3 lines>...
        password=db["password"],
    )
  File "C:\Users\omerj\Documents\Revature\Project_1\Revature-Cognizant-Project1\.venv\Lib\site-packages\psycopg\connection.py", line 127, in connect
    raise type(last_ex)("\n".join(lines)).with_traceback(None)
psycopg.OperationalError: connection failed: connection to server at "127.0.0.1", port 5432 failed: FATAL:  password authentication failed for user "postgres"
Multiple connection attempts failed. All failures were:
- host: 'localhost', port: 5432, hostaddr: '::1': connection failed: connection to server at "::1", port 5432 failed: FATAL:  password authentication failed for user "postgres"
- host: 'localhost', port: 5432, hostaddr: '127.0.0.1': connection failed: connection to server at "127.0.0.1", port 5432 failed: FATAL:  password authentication failed for user "postgres"
2025-11-19 22:52:38,009 | ERROR | utils.db | Exception occurred while connecting to database
Traceback (most recent call last):
  File "C:\Users\omerj\Documents\Revature\Project_1\Revature-Cognizant-Project1\src\utils\db.py", line 10, in get_db_connection
    conn = psycopg.connect(
        host=db["host"],
    ...<3 lines>...
        password=db["password"],
    )
  File "C:\Users\omerj\Documents\Revature\Project_1\Revature-Cognizant-Project1\.venv\Lib\site-packages\psycopg\connection.py", line 127, in connect
    raise type(last_ex)("\n".join(lines)).with_traceback(None)
psycopg.OperationalError: connection failed: connection to server at "127.0.0.1", port 5432 failed: FATAL:  password authentication failed for user "postgres"
Multiple connection attempts failed. All failures were:
- host: 'localhost', port: 5432, hostaddr: '::1': connection failed: connection to server at "::1", port 5432 failed: FATAL:  password authentication failed for user "postgres"
- host: 'localhost', port: 5432, hostaddr: '127.0.0.1': connection failed: connection to server at "127.0.0.1", port 5432 failed: FATAL:  password authentication failed for user "postgres"
2025-11-19 22:53:26,879 | INFO | utils.db | Successfully connected to database
2025-11-19 22:54:42,887 | INFO | __main__ | Starting ETL
2025-11-19 22:54:42,954 | INFO | utils.db | Successfully connected to database
2025-11-19 22:54:42,955 | INFO | __main__ | Stopping ETL
