2025-11-19 16:16:55,539 | INFO | __main__ | Starting ETL
2025-11-19 16:17:12,991 | INFO | __main__ | Starting ETL
2025-11-19 16:17:37,298 | INFO | __main__ | Starting ETL
2025-11-19 16:17:37,299 | INFO | utils.db | Started Connetion with PostGress Database
2025-11-19 16:19:09,406 | INFO | __main__ | Starting ETL
2025-11-19 16:19:09,407 | INFO | utils.db | Started Connetion with PostGress Database
2025-11-19 16:19:18,419 | INFO | __main__ | Starting ETL
2025-11-19 16:19:18,420 | INFO | utils.db | Started Connetion with PostGress Database
2025-11-19 16:19:18,583 | INFO | __main__ | Stopping ETL
2025-11-19 16:25:49,839 | INFO | __main__ | Starting ETL
2025-11-19 16:25:49,839 | INFO | utils.db | Started Connetion with PostGress Database
2025-11-19 16:25:52,579 | INFO | __main__ | Stopping ETL
2025-11-19 16:28:16,137 | INFO | __main__ | Starting ETL
2025-11-19 16:28:16,137 | INFO | utils.db | Started Connetion with PostGress Database
2025-11-19 16:28:16,384 | INFO | __main__ | Stopping ETL
2025-11-19 16:32:37,363 | INFO | __main__ | Starting ETL
2025-11-19 16:32:37,363 | INFO | utils.db | Started Connetion with PostGress Database
2025-11-19 16:32:40,080 | INFO | __main__ | Stopping ETL
2025-11-19 16:47:36,666 | INFO | __main__ | Starting ETL
2025-11-19 16:47:36,666 | INFO | utils.db | Started Connetion with PostGress Database
2025-11-19 16:47:36,792 | INFO | __main__ | Stopping ETL
2025-11-19 16:52:57,776 | INFO | __main__ | Starting ETL
2025-11-19 16:52:57,776 | INFO | utils.db | Started Connetion with PostGress Database
2025-11-19 16:52:58,013 | INFO | __main__ | Stopping ETL
2025-11-19 22:34:40,321 | INFO | __main__ | Starting ETL
2025-11-19 22:34:40,322 | INFO | utils.db | Started Connetion with PostGress Database
2025-11-19 22:34:40,586 | INFO | __main__ | Stopping ETL
2025-11-20 23:15:28,200 | INFO | app | Incoming request: GET /
2025-11-20 23:15:28,214 | INFO | app | Completed request: GET / -> 200
2025-11-20 23:15:36,522 | INFO | app | Incoming request: GET /health
2025-11-20 23:15:36,526 | INFO | app | Health endpoint accessed
2025-11-20 23:15:36,529 | INFO | app | Completed request: GET /health -> 200
2025-11-21 14:54:14,575 | INFO | app | Incoming request: GET /health
2025-11-21 14:54:14,627 | INFO | app | Health endpoint accessed
2025-11-21 14:54:14,641 | INFO | app | Completed request: GET /health -> 200
2025-11-24 11:59:54,814 | INFO | app | Incoming request: GET /
2025-11-24 11:59:54,897 | INFO | app | Completed request: GET / -> 200
2025-11-24 11:59:54,926 | INFO | app | Incoming request: GET /static/css/style.css
2025-11-24 11:59:55,377 | INFO | app | Completed request: GET /static/css/style.css -> 200
2025-11-24 11:59:55,998 | INFO | app | Incoming request: GET /favicon.ico
2025-11-24 11:59:56,003 | INFO | app | Completed request: GET /favicon.ico -> 404
2025-11-24 12:55:08,167 | INFO | app | Incoming request: GET /health
2025-11-24 12:55:08,179 | INFO | app | Health endpoint accessed
2025-11-24 12:55:08,183 | INFO | app | Completed request: GET /health -> 200
2025-11-24 13:59:48,715 | INFO | app | Incoming request: GET /health
2025-11-24 13:59:48,717 | INFO | app | Health endpoint accessed
2025-11-24 13:59:48,718 | INFO | app | Completed request: GET /health -> 200
2025-11-24 13:59:54,128 | INFO | app | Incoming request: GET /
2025-11-24 13:59:54,222 | INFO | app | Completed request: GET / -> 200
2025-11-24 13:59:57,442 | INFO | app | Incoming request: GET /
2025-11-24 13:59:57,443 | INFO | app | Completed request: GET / -> 200
2025-11-24 13:59:59,077 | INFO | app | Incoming request: GET /sources
2025-11-24 13:59:59,109 | INFO | app | Completed request: GET /sources -> 200
2025-11-24 14:00:23,708 | INFO | app | Incoming request: POST /source/upload
2025-11-24 14:00:23,709 | INFO | app | Completed request: POST /source/upload -> 404
2025-11-24 14:00:41,835 | INFO | app | Incoming request: POST /source/upload
2025-11-24 14:00:41,836 | INFO | app | Completed request: POST /source/upload -> 404
2025-11-24 14:01:36,144 | INFO | app | Incoming request: POST /source/upload
2025-11-24 14:01:36,155 | INFO | app | Completed request: POST /source/upload -> 404
2025-11-24 14:01:39,509 | INFO | app | Incoming request: GET /sources
2025-11-24 14:01:39,529 | INFO | app | Completed request: GET /sources -> 200
2025-11-24 14:01:45,344 | INFO | app | Incoming request: POST /sources/upload
2025-11-24 14:01:45,344 | INFO | app | Completed request: POST /sources/upload -> 404
2025-11-24 14:06:02,206 | INFO | app | Incoming request: GET /sources
2025-11-24 14:06:02,214 | INFO | app | Completed request: GET /sources -> 200
2025-11-24 14:06:15,343 | INFO | app | Incoming request: POST /sources/upload
2025-11-24 14:06:15,343 | INFO | app | Completed request: POST /sources/upload -> 404
2025-11-24 14:07:44,991 | INFO | app | Incoming request: GET /sources
2025-11-24 14:07:44,998 | INFO | app | Completed request: GET /sources -> 200
2025-11-24 14:07:50,879 | INFO | app | Incoming request: POST /sources/upload
2025-11-24 14:07:50,884 | INFO | app | Completed request: POST /sources/upload -> 422
2025-11-24 14:07:56,525 | INFO | app | Incoming request: POST /sources/upload
2025-11-24 14:07:56,526 | INFO | app | Completed request: POST /sources/upload -> 422
2025-11-24 14:09:04,555 | INFO | app | Incoming request: POST /sources/upload
2025-11-24 14:09:04,557 | INFO | app | Completed request: POST /sources/upload -> 422
2025-11-24 14:09:05,725 | INFO | app | Incoming request: POST /sources/upload
2025-11-24 14:09:05,727 | INFO | app | Completed request: POST /sources/upload -> 422
2025-11-24 14:16:25,871 | INFO | app | Incoming request: GET /
2025-11-24 14:16:25,873 | INFO | src.web.routes | Rendering home page
2025-11-24 14:16:25,879 | INFO | app | Completed request: GET / -> 200
2025-11-24 14:16:33,441 | INFO | app | Incoming request: GET /sources
2025-11-24 14:16:33,441 | INFO | src.web.routes | Rendering sources page
2025-11-24 14:16:33,444 | INFO | app | Completed request: GET /sources -> 200
2025-11-24 14:16:41,467 | INFO | app | Incoming request: POST /sources/upload
2025-11-24 14:16:41,471 | INFO | src.web.routes | Received CSV upload: filename=rural_population_percent.csv, content_type=text/csv
2025-11-24 14:16:41,480 | ERROR | src.web.routes | Failed to read CSV file: rural_population_percent.csv
Traceback (most recent call last):
  File "C:\Users\omerj\Documents\Revature\Project_1\Revature-Cognizant-Project1\src\web\routes.py", line 47, in upload_csv_source
    df = pd.read_csv(BytesIO(content))
  File "C:\Users\omerj\Documents\Revature\Project_1\Revature-Cognizant-Project1\.venv\Lib\site-packages\pandas\io\parsers\readers.py", line 1026, in read_csv
    return _read(filepath_or_buffer, kwds)
  File "C:\Users\omerj\Documents\Revature\Project_1\Revature-Cognizant-Project1\.venv\Lib\site-packages\pandas\io\parsers\readers.py", line 626, in _read
    return parser.read(nrows)
           ~~~~~~~~~~~^^^^^^^
  File "C:\Users\omerj\Documents\Revature\Project_1\Revature-Cognizant-Project1\.venv\Lib\site-packages\pandas\io\parsers\readers.py", line 1923, in read
    ) = self._engine.read(  # type: ignore[attr-defined]
        ~~~~~~~~~~~~~~~~~^^^^^^^^^^^^^^^^^^^^^^^^^^^^^^^
        nrows
        ^^^^^
    )
    ^
  File "C:\Users\omerj\Documents\Revature\Project_1\Revature-Cognizant-Project1\.venv\Lib\site-packages\pandas\io\parsers\c_parser_wrapper.py", line 234, in read
    chunks = self._reader.read_low_memory(nrows)
  File "pandas/_libs/parsers.pyx", line 838, in pandas._libs.parsers.TextReader.read_low_memory
  File "pandas/_libs/parsers.pyx", line 905, in pandas._libs.parsers.TextReader._read_rows
  File "pandas/_libs/parsers.pyx", line 874, in pandas._libs.parsers.TextReader._tokenize_rows
  File "pandas/_libs/parsers.pyx", line 891, in pandas._libs.parsers.TextReader._check_tokenize_status
  File "pandas/_libs/parsers.pyx", line 2061, in pandas._libs.parsers.raise_parser_error
pandas.errors.ParserError: Error tokenizing data. C error: Expected 3 fields in line 5, saw 63

2025-11-24 14:16:41,499 | INFO | app | Completed request: POST /sources/upload -> 200
2025-11-24 14:17:45,313 | INFO | app | Incoming request: POST /sources/upload
2025-11-24 14:17:45,596 | INFO | src.web.routes | Received CSV upload: filename=projects_data.csv, content_type=text/csv
2025-11-24 14:17:46,260 | INFO | src.web.routes | CSV parsed successfully: filename=projects_data.csv, shape=(18248, 57)
2025-11-24 14:17:46,316 | INFO | app | Completed request: POST /sources/upload -> 200
2025-11-25 14:00:12,661 | INFO | app | Incoming request: GET /sources
2025-11-25 14:00:12,698 | INFO | src.web.routes | Rendering sources page
2025-11-25 14:00:12,718 | INFO | app | Completed request: GET /sources -> 200
2025-11-25 14:00:13,162 | INFO | app | Incoming request: GET /static/css/style.css
2025-11-25 14:00:13,748 | INFO | app | Completed request: GET /static/css/style.css -> 304
2025-11-25 14:00:24,222 | INFO | app | Incoming request: POST /sources/upload
2025-11-25 14:00:24,276 | INFO | src.web.routes | Received CSV upload: filename=population_data.csv, content_type=text/csv
2025-11-25 14:00:24,394 | ERROR | src.web.routes | Failed to read CSV file: population_data.csv
Traceback (most recent call last):
  File "C:\Users\omerj\Documents\Revature\Project_1\Revature-Cognizant-Project1\src\web\routes.py", line 47, in upload_csv_source
    df = pd.read_csv(BytesIO(content))
  File "C:\Users\omerj\Documents\Revature\Project_1\Revature-Cognizant-Project1\.venv\Lib\site-packages\pandas\io\parsers\readers.py", line 1026, in read_csv
    return _read(filepath_or_buffer, kwds)
  File "C:\Users\omerj\Documents\Revature\Project_1\Revature-Cognizant-Project1\.venv\Lib\site-packages\pandas\io\parsers\readers.py", line 626, in _read
    return parser.read(nrows)
           ~~~~~~~~~~~^^^^^^^
  File "C:\Users\omerj\Documents\Revature\Project_1\Revature-Cognizant-Project1\.venv\Lib\site-packages\pandas\io\parsers\readers.py", line 1923, in read
    ) = self._engine.read(  # type: ignore[attr-defined]
        ~~~~~~~~~~~~~~~~~^^^^^^^^^^^^^^^^^^^^^^^^^^^^^^^
        nrows
        ^^^^^
    )
    ^
  File "C:\Users\omerj\Documents\Revature\Project_1\Revature-Cognizant-Project1\.venv\Lib\site-packages\pandas\io\parsers\c_parser_wrapper.py", line 234, in read
    chunks = self._reader.read_low_memory(nrows)
  File "pandas/_libs/parsers.pyx", line 838, in pandas._libs.parsers.TextReader.read_low_memory
  File "pandas/_libs/parsers.pyx", line 905, in pandas._libs.parsers.TextReader._read_rows
  File "pandas/_libs/parsers.pyx", line 874, in pandas._libs.parsers.TextReader._tokenize_rows
  File "pandas/_libs/parsers.pyx", line 891, in pandas._libs.parsers.TextReader._check_tokenize_status
  File "pandas/_libs/parsers.pyx", line 2061, in pandas._libs.parsers.raise_parser_error
pandas.errors.ParserError: Error tokenizing data. C error: Expected 3 fields in line 5, saw 63

2025-11-25 14:00:24,450 | INFO | app | Completed request: POST /sources/upload -> 200
2025-11-25 14:00:38,175 | INFO | app | Incoming request: POST /sources/upload
2025-11-25 14:00:38,225 | INFO | src.web.routes | Received CSV upload: filename=mystery.csv, content_type=text/csv
2025-11-25 14:00:38,232 | ERROR | src.web.routes | Failed to read CSV file: mystery.csv
Traceback (most recent call last):
  File "C:\Users\omerj\Documents\Revature\Project_1\Revature-Cognizant-Project1\src\web\routes.py", line 47, in upload_csv_source
    df = pd.read_csv(BytesIO(content))
  File "C:\Users\omerj\Documents\Revature\Project_1\Revature-Cognizant-Project1\.venv\Lib\site-packages\pandas\io\parsers\readers.py", line 1026, in read_csv
    return _read(filepath_or_buffer, kwds)
  File "C:\Users\omerj\Documents\Revature\Project_1\Revature-Cognizant-Project1\.venv\Lib\site-packages\pandas\io\parsers\readers.py", line 620, in _read
    parser = TextFileReader(filepath_or_buffer, **kwds)
  File "C:\Users\omerj\Documents\Revature\Project_1\Revature-Cognizant-Project1\.venv\Lib\site-packages\pandas\io\parsers\readers.py", line 1620, in __init__
    self._engine = self._make_engine(f, self.engine)
                   ~~~~~~~~~~~~~~~~~^^^^^^^^^^^^^^^^
  File "C:\Users\omerj\Documents\Revature\Project_1\Revature-Cognizant-Project1\.venv\Lib\site-packages\pandas\io\parsers\readers.py", line 1898, in _make_engine
    return mapping[engine](f, **self.options)
           ~~~~~~~~~~~~~~~^^^^^^^^^^^^^^^^^^^
  File "C:\Users\omerj\Documents\Revature\Project_1\Revature-Cognizant-Project1\.venv\Lib\site-packages\pandas\io\parsers\c_parser_wrapper.py", line 93, in __init__
    self._reader = parsers.TextReader(src, **kwds)
                   ~~~~~~~~~~~~~~~~~~^^^^^^^^^^^^^
  File "pandas/_libs/parsers.pyx", line 574, in pandas._libs.parsers.TextReader.__cinit__
  File "pandas/_libs/parsers.pyx", line 663, in pandas._libs.parsers.TextReader._get_header
  File "pandas/_libs/parsers.pyx", line 874, in pandas._libs.parsers.TextReader._tokenize_rows
  File "pandas/_libs/parsers.pyx", line 891, in pandas._libs.parsers.TextReader._check_tokenize_status
  File "pandas/_libs/parsers.pyx", line 2053, in pandas._libs.parsers.raise_parser_error
  File "<frozen codecs>", line 325, in decode
UnicodeDecodeError: 'utf-8' codec can't decode byte 0xff in position 0: invalid start byte
2025-11-25 14:00:38,248 | INFO | app | Completed request: POST /sources/upload -> 200
2025-11-25 14:00:45,378 | INFO | app | Incoming request: POST /sources/upload
2025-11-25 14:00:45,385 | INFO | src.web.routes | Received CSV upload: filename=population_data.csv, content_type=text/csv
2025-11-25 14:00:45,396 | ERROR | src.web.routes | Failed to read CSV file: population_data.csv
Traceback (most recent call last):
  File "C:\Users\omerj\Documents\Revature\Project_1\Revature-Cognizant-Project1\src\web\routes.py", line 47, in upload_csv_source
    df = pd.read_csv(BytesIO(content))
  File "C:\Users\omerj\Documents\Revature\Project_1\Revature-Cognizant-Project1\.venv\Lib\site-packages\pandas\io\parsers\readers.py", line 1026, in read_csv
    return _read(filepath_or_buffer, kwds)
  File "C:\Users\omerj\Documents\Revature\Project_1\Revature-Cognizant-Project1\.venv\Lib\site-packages\pandas\io\parsers\readers.py", line 626, in _read
    return parser.read(nrows)
           ~~~~~~~~~~~^^^^^^^
  File "C:\Users\omerj\Documents\Revature\Project_1\Revature-Cognizant-Project1\.venv\Lib\site-packages\pandas\io\parsers\readers.py", line 1923, in read
    ) = self._engine.read(  # type: ignore[attr-defined]
        ~~~~~~~~~~~~~~~~~^^^^^^^^^^^^^^^^^^^^^^^^^^^^^^^
        nrows
        ^^^^^
    )
    ^
  File "C:\Users\omerj\Documents\Revature\Project_1\Revature-Cognizant-Project1\.venv\Lib\site-packages\pandas\io\parsers\c_parser_wrapper.py", line 234, in read
    chunks = self._reader.read_low_memory(nrows)
  File "pandas/_libs/parsers.pyx", line 838, in pandas._libs.parsers.TextReader.read_low_memory
  File "pandas/_libs/parsers.pyx", line 905, in pandas._libs.parsers.TextReader._read_rows
  File "pandas/_libs/parsers.pyx", line 874, in pandas._libs.parsers.TextReader._tokenize_rows
  File "pandas/_libs/parsers.pyx", line 891, in pandas._libs.parsers.TextReader._check_tokenize_status
  File "pandas/_libs/parsers.pyx", line 2061, in pandas._libs.parsers.raise_parser_error
pandas.errors.ParserError: Error tokenizing data. C error: Expected 3 fields in line 5, saw 63

2025-11-25 14:00:45,408 | INFO | app | Completed request: POST /sources/upload -> 200
2025-11-25 15:52:10,294 | INFO | src.main | Staring ETL BUILder Application
2025-11-25 15:52:10,444 | INFO | src.utils.db | Successfully connected to database
2025-11-25 15:52:10,444 | ERROR | src.utils.db | Failed to create/verify data_sources table
Traceback (most recent call last):
  File "C:\Users\omerj\Documents\Revature\Project_1\Revature-Cognizant-Project1\src\utils\db.py", line 48, in init_metadata_tables
    with conn.cursor as cur:
         ^^^^^^^^^^^
TypeError: 'method' object does not support the context manager protocol
2025-11-25 15:52:19,144 | INFO | src.main | Incoming request: GET /
2025-11-25 15:52:19,145 | INFO | src.web.routes | Rendering home page
2025-11-25 15:52:19,214 | INFO | src.main | Completed request: GET / -> 200
2025-11-25 15:52:24,571 | INFO | src.main | Incoming request: GET /sources
2025-11-25 15:52:24,571 | ERROR | src.utils.db | Failed to fetch data sources table
Traceback (most recent call last):
  File "C:\Users\omerj\Documents\Revature\Project_1\Revature-Cognizant-Project1\src\utils\db.py", line 96, in get_all_data_sources
    with get_db_connection as conn:
         ^^^^^^^^^^^^^^^^^
TypeError: 'function' object does not support the context manager protocol
2025-11-25 15:52:24,572 | ERROR | src.web.routes | Error fetching data sources for sources page
Traceback (most recent call last):
  File "C:\Users\omerj\Documents\Revature\Project_1\Revature-Cognizant-Project1\src\web\routes.py", line 32, in sources_page
    sources = get_all_data_sources()
  File "C:\Users\omerj\Documents\Revature\Project_1\Revature-Cognizant-Project1\src\utils\db.py", line 96, in get_all_data_sources
    with get_db_connection as conn:
         ^^^^^^^^^^^^^^^^^
TypeError: 'function' object does not support the context manager protocol
2025-11-25 15:52:24,573 | INFO | src.web.routes | Rendering sources page with 0 existing sources
2025-11-25 15:52:24,595 | INFO | src.main | Completed request: GET /sources -> 200
2025-11-25 15:52:36,896 | INFO | src.main | Incoming request: POST /sources/upload
2025-11-25 15:52:36,901 | INFO | src.web.routes | Received CSV upload: filename=population_data.csv, content_type=text/csv
2025-11-25 15:52:36,906 | ERROR | src.web.routes | Failed to read CSV file: population_data.csv
Traceback (most recent call last):
  File "C:\Users\omerj\Documents\Revature\Project_1\Revature-Cognizant-Project1\src\web\routes.py", line 63, in upload_csv_source
    df = pd.read_csv(BytesIO(content))
  File "C:\Users\omerj\Documents\Revature\Project_1\Revature-Cognizant-Project1\.venv\Lib\site-packages\pandas\io\parsers\readers.py", line 1026, in read_csv
    return _read(filepath_or_buffer, kwds)
  File "C:\Users\omerj\Documents\Revature\Project_1\Revature-Cognizant-Project1\.venv\Lib\site-packages\pandas\io\parsers\readers.py", line 626, in _read
    return parser.read(nrows)
           ~~~~~~~~~~~^^^^^^^
  File "C:\Users\omerj\Documents\Revature\Project_1\Revature-Cognizant-Project1\.venv\Lib\site-packages\pandas\io\parsers\readers.py", line 1923, in read
    ) = self._engine.read(  # type: ignore[attr-defined]
        ~~~~~~~~~~~~~~~~~^^^^^^^^^^^^^^^^^^^^^^^^^^^^^^^
        nrows
        ^^^^^
    )
    ^
  File "C:\Users\omerj\Documents\Revature\Project_1\Revature-Cognizant-Project1\.venv\Lib\site-packages\pandas\io\parsers\c_parser_wrapper.py", line 234, in read
    chunks = self._reader.read_low_memory(nrows)
  File "pandas/_libs/parsers.pyx", line 838, in pandas._libs.parsers.TextReader.read_low_memory
  File "pandas/_libs/parsers.pyx", line 905, in pandas._libs.parsers.TextReader._read_rows
  File "pandas/_libs/parsers.pyx", line 874, in pandas._libs.parsers.TextReader._tokenize_rows
  File "pandas/_libs/parsers.pyx", line 891, in pandas._libs.parsers.TextReader._check_tokenize_status
  File "pandas/_libs/parsers.pyx", line 2061, in pandas._libs.parsers.raise_parser_error
pandas.errors.ParserError: Error tokenizing data. C error: Expected 3 fields in line 5, saw 63

2025-11-25 15:52:36,963 | INFO | src.main | Completed request: POST /sources/upload -> 200
2025-11-25 15:52:48,488 | INFO | src.main | Incoming request: POST /sources/upload
2025-11-25 15:52:48,763 | INFO | src.web.routes | Received CSV upload: filename=projects_data.csv, content_type=text/csv
2025-11-25 15:52:49,326 | INFO | src.web.routes | CSV parsed successfully: filename=projects_data.csv, shape=(18248, 57)
2025-11-25 15:54:50,403 | INFO | src.main | Staring ETL BUILder Application
2025-11-25 15:54:50,443 | INFO | src.utils.db | Successfully connected to database
2025-11-25 15:54:50,444 | ERROR | src.utils.db | Failed to create/verify data_sources table
Traceback (most recent call last):
  File "C:\Users\omerj\Documents\Revature\Project_1\Revature-Cognizant-Project1\src\utils\db.py", line 48, in init_metadata_tables
    with conn.cursor as cur:
         ^^^^^^^^^^^
TypeError: 'method' object does not support the context manager protocol
2025-11-25 15:55:00,209 | INFO | src.main | Incoming request: POST /sources/upload
2025-11-25 15:55:00,390 | INFO | src.web.routes | Received CSV upload: filename=projects_data.csv, content_type=text/csv
2025-11-25 15:55:00,946 | INFO | src.web.routes | CSV parsed successfully: filename=projects_data.csv, shape=(18248, 57)
2025-11-25 15:55:00,947 | ERROR | src.utils.db | Failed to insert data source
Traceback (most recent call last):
  File "C:\Users\omerj\Documents\Revature\Project_1\Revature-Cognizant-Project1\src\utils\db.py", line 72, in insert_data_source
    with get_db_connection as conn:
         ^^^^^^^^^^^^^^^^^
TypeError: 'function' object does not support the context manager protocol
2025-11-25 15:55:00,948 | ERROR | src.web.routes | Failed to insert data source metadata
Traceback (most recent call last):
  File "C:\Users\omerj\Documents\Revature\Project_1\Revature-Cognizant-Project1\src\web\routes.py", line 81, in upload_csv_source
    source_id = insert_data_source(
        name=file.filename,
    ...<6 lines>...
    
    )
  File "C:\Users\omerj\Documents\Revature\Project_1\Revature-Cognizant-Project1\src\utils\db.py", line 72, in insert_data_source
    with get_db_connection as conn:
         ^^^^^^^^^^^^^^^^^
TypeError: 'function' object does not support the context manager protocol
2025-11-25 15:55:00,965 | INFO | src.main | Completed request: POST /sources/upload -> 200
2025-11-25 15:56:41,726 | INFO | src.main | Incoming request: POST /sources/upload
2025-11-25 15:56:41,877 | INFO | src.web.routes | Received CSV upload: filename=projects_data.csv, content_type=text/csv
2025-11-25 15:56:42,348 | INFO | src.web.routes | CSV parsed successfully: filename=projects_data.csv, shape=(18248, 57)
2025-11-25 15:56:42,348 | ERROR | src.utils.db | Failed to insert data source
Traceback (most recent call last):
  File "C:\Users\omerj\Documents\Revature\Project_1\Revature-Cognizant-Project1\src\utils\db.py", line 72, in insert_data_source
    with get_db_connection() as conn:
         ^^^^^^^^^^^^^^^^^
TypeError: 'function' object does not support the context manager protocol
2025-11-25 15:56:42,375 | ERROR | src.web.routes | Failed to insert data source metadata
Traceback (most recent call last):
  File "C:\Users\omerj\Documents\Revature\Project_1\Revature-Cognizant-Project1\src\web\routes.py", line 81, in upload_csv_source
    source_id = insert_data_source(
        name=file.filename,
    ...<6 lines>...
    
    )
  File "C:\Users\omerj\Documents\Revature\Project_1\Revature-Cognizant-Project1\src\utils\db.py", line 72, in insert_data_source
    with get_db_connection() as conn:
         ^^^^^^^^^^^^^^^^^
TypeError: 'function' object does not support the context manager protocol
2025-11-25 15:56:42,385 | INFO | src.main | Completed request: POST /sources/upload -> 200
2025-11-25 15:56:47,762 | INFO | src.main | Staring ETL BUILder Application
2025-11-25 15:56:47,814 | INFO | src.utils.db | Successfully connected to database
2025-11-25 15:56:47,814 | ERROR | src.utils.db | Failed to create/verify data_sources table
Traceback (most recent call last):
  File "C:\Users\omerj\Documents\Revature\Project_1\Revature-Cognizant-Project1\src\utils\db.py", line 48, in init_metadata_tables
    with conn.cursor as cur:
         ^^^^^^^^^^^
TypeError: 'method' object does not support the context manager protocol
2025-11-25 15:56:50,831 | INFO | src.main | Incoming request: POST /sources/upload
2025-11-25 15:56:51,020 | INFO | src.web.routes | Received CSV upload: filename=projects_data.csv, content_type=text/csv
2025-11-25 15:56:51,610 | INFO | src.web.routes | CSV parsed successfully: filename=projects_data.csv, shape=(18248, 57)
2025-11-25 15:56:51,639 | INFO | src.utils.db | Successfully connected to database
2025-11-25 15:56:51,696 | ERROR | src.utils.db | Failed to insert data source
Traceback (most recent call last):
  File "C:\Users\omerj\Documents\Revature\Project_1\Revature-Cognizant-Project1\src\utils\db.py", line 74, in insert_data_source
    cur.execute(
    ~~~~~~~~~~~^
        sql,
        ^^^^
        (name, source_type, orignial_name,
        ^^^^^^^^^^^^^^^^^^^^^^^^^^^^^^^^^^
         file_path, row_count, column_count, status),)
         ^^^^^^^^^^^^^^^^^^^^^^^^^^^^^^^^^^^^^^^^^^^^^
  File "C:\Users\omerj\Documents\Revature\Project_1\Revature-Cognizant-Project1\.venv\Lib\site-packages\psycopg\cursor.py", line 97, in execute
    raise ex.with_traceback(None)
psycopg.errors.UndefinedTable: relation "data_sources" does not exist
LINE 2:         Insert into data_sources (name,source_type, original...
                            ^
2025-11-25 15:56:51,718 | ERROR | src.web.routes | Failed to insert data source metadata
Traceback (most recent call last):
  File "C:\Users\omerj\Documents\Revature\Project_1\Revature-Cognizant-Project1\src\web\routes.py", line 81, in upload_csv_source
    source_id = insert_data_source(
        name=file.filename,
    ...<6 lines>...
    
    )
  File "C:\Users\omerj\Documents\Revature\Project_1\Revature-Cognizant-Project1\src\utils\db.py", line 74, in insert_data_source
    cur.execute(
    ~~~~~~~~~~~^
        sql,
        ^^^^
        (name, source_type, orignial_name,
        ^^^^^^^^^^^^^^^^^^^^^^^^^^^^^^^^^^
         file_path, row_count, column_count, status),)
         ^^^^^^^^^^^^^^^^^^^^^^^^^^^^^^^^^^^^^^^^^^^^^
  File "C:\Users\omerj\Documents\Revature\Project_1\Revature-Cognizant-Project1\.venv\Lib\site-packages\psycopg\cursor.py", line 97, in execute
    raise ex.with_traceback(None)
psycopg.errors.UndefinedTable: relation "data_sources" does not exist
LINE 2:         Insert into data_sources (name,source_type, original...
                            ^
2025-11-25 15:56:51,734 | INFO | src.main | Completed request: POST /sources/upload -> 200
2025-11-25 15:58:59,804 | INFO | src.main | Staring ETL BUILder Application
2025-11-25 15:58:59,853 | INFO | src.utils.db | Successfully connected to database
2025-11-25 15:58:59,853 | ERROR | src.utils.db | Failed to create/verify data_sources table
Traceback (most recent call last):
  File "C:\Users\omerj\Documents\Revature\Project_1\Revature-Cognizant-Project1\src\utils\db.py", line 48, in init_metadata_tables
    with conn.cursor as cur:
         ^^^^^^^^^^^
TypeError: 'method' object does not support the context manager protocol
2025-11-25 16:01:53,157 | INFO | src.main | Staring ETL BUILder Application
2025-11-25 16:01:53,209 | INFO | src.utils.db | Successfully connected to database
2025-11-25 16:01:53,380 | INFO | src.utils.db | Ensured data_sources table exists
2025-11-25 16:02:03,420 | INFO | src.main | Incoming request: POST /sources/upload
2025-11-25 16:02:03,566 | INFO | src.web.routes | Received CSV upload: filename=projects_data.csv, content_type=text/csv
2025-11-25 16:02:04,069 | INFO | src.web.routes | CSV parsed successfully: filename=projects_data.csv, shape=(18248, 57)
2025-11-25 16:02:04,104 | INFO | src.utils.db | Successfully connected to database
2025-11-25 16:02:04,122 | ERROR | src.utils.db | Failed to insert data source
Traceback (most recent call last):
  File "C:\Users\omerj\Documents\Revature\Project_1\Revature-Cognizant-Project1\src\utils\db.py", line 78, in insert_data_source
    new_id = cur.fetchone()["id"]
             ~~~~~~~~~~~~~~^^^^^^
TypeError: tuple indices must be integers or slices, not str
2025-11-25 16:02:04,124 | ERROR | src.web.routes | Failed to insert data source metadata
Traceback (most recent call last):
  File "C:\Users\omerj\Documents\Revature\Project_1\Revature-Cognizant-Project1\src\web\routes.py", line 81, in upload_csv_source
    source_id = insert_data_source(
        name=file.filename,
    ...<6 lines>...
    
    )
  File "C:\Users\omerj\Documents\Revature\Project_1\Revature-Cognizant-Project1\src\utils\db.py", line 78, in insert_data_source
    new_id = cur.fetchone()["id"]
             ~~~~~~~~~~~~~~^^^^^^
TypeError: tuple indices must be integers or slices, not str
2025-11-25 16:02:04,142 | INFO | src.main | Completed request: POST /sources/upload -> 200
2025-11-25 16:10:03,593 | INFO | src.main | Staring ETL BUILder Application
2025-11-25 16:10:03,637 | INFO | src.utils.db | Successfully connected to database
2025-11-25 16:10:03,640 | INFO | src.utils.db | Ensured data_sources table exists
2025-11-25 16:10:19,646 | INFO | src.main | Staring ETL BUILder Application
2025-11-25 16:10:19,690 | INFO | src.utils.db | Successfully connected to database
2025-11-25 16:10:19,694 | INFO | src.utils.db | Ensured data_sources table exists
2025-11-25 16:10:28,882 | INFO | src.main | Incoming request: POST /sources/upload
2025-11-25 16:10:29,125 | INFO | src.web.routes | Received CSV upload: filename=projects_data.csv, content_type=text/csv
2025-11-25 16:10:29,725 | INFO | src.web.routes | CSV parsed successfully: filename=projects_data.csv, shape=(18248, 57)
2025-11-25 16:10:29,755 | INFO | src.utils.db | Successfully connected to database
2025-11-25 16:10:29,762 | INFO | src.utils.db | Inserted data_source id=2 name=projects_data.csv, type = csv
2025-11-25 16:10:29,774 | INFO | src.web.routes | Saved CSV file for source_id=2 to C:\Users\omerj\Documents\Revature\Project_1\Revature-Cognizant-Project1\data\sources\source_2.csv
2025-11-25 16:10:29,830 | INFO | src.main | Completed request: POST /sources/upload -> 200
2025-11-25 16:22:27,539 | INFO | src.main | Staring ETL BUILder Application
2025-11-25 16:22:27,587 | INFO | src.utils.db | Successfully connected to database
2025-11-25 16:22:27,592 | INFO | src.utils.db | Ensured data_sources table exists
2025-11-25 16:22:47,149 | INFO | src.main | Incoming request: GET /sources
2025-11-25 16:22:47,168 | INFO | src.utils.db | Successfully connected to database
2025-11-25 16:22:47,236 | INFO | src.web.routes | Rendering sources page with 1 existing sources
2025-11-25 16:22:47,247 | INFO | src.main | Completed request: GET /sources -> 200
2025-11-25 16:22:57,765 | INFO | src.main | Incoming request: POST /sources/upload
2025-11-25 16:22:58,005 | INFO | src.web.routes | Received CSV upload: filename=projects_data.csv, content_type=text/csv
2025-11-25 16:22:58,557 | INFO | src.web.routes | CSV parsed successfully: filename=projects_data.csv, shape=(18248, 57)
2025-11-25 16:22:58,584 | INFO | src.utils.db | Successfully connected to database
2025-11-25 16:22:58,593 | INFO | src.utils.db | Inserted data_source id=3 name=projects_data.csv, type = csv
2025-11-25 16:22:58,604 | INFO | src.web.routes | Saved CSV file for source_id=3 to C:\Users\omerj\Documents\Revature\Project_1\Revature-Cognizant-Project1\data\sources\source_3.csv
2025-11-25 16:22:58,631 | INFO | src.utils.db | Successfully connected to database
2025-11-25 16:22:58,634 | ERROR | src.utils.db | Error executing update query: cannot adapt type 'WindowsPath' using placeholder '%s' (format: AUTO)
Traceback (most recent call last):
  File "C:\Users\omerj\Documents\Revature\Project_1\Revature-Cognizant-Project1\src\utils\db.py", line 120, in update_source_filepath
    cur.execute(sql,(source_id,target_file))
    ~~~~~~~~~~~^^^^^^^^^^^^^^^^^^^^^^^^^^^^^
  File "C:\Users\omerj\Documents\Revature\Project_1\Revature-Cognizant-Project1\.venv\Lib\site-packages\psycopg\cursor.py", line 97, in execute
    raise ex.with_traceback(None)
psycopg.ProgrammingError: cannot adapt type 'WindowsPath' using placeholder '%s' (format: AUTO)
2025-11-25 16:26:53,726 | INFO | src.main | Staring ETL BUILder Application
2025-11-25 16:26:53,770 | INFO | src.utils.db | Successfully connected to database
2025-11-25 16:26:53,774 | INFO | src.utils.db | Ensured data_sources table exists
2025-11-25 16:26:58,512 | INFO | src.main | Incoming request: POST /sources/upload
2025-11-25 16:26:58,683 | INFO | src.web.routes | Received CSV upload: filename=projects_data.csv, content_type=text/csv
2025-11-25 16:26:59,180 | INFO | src.web.routes | CSV parsed successfully: filename=projects_data.csv, shape=(18248, 57)
2025-11-25 16:26:59,219 | INFO | src.utils.db | Successfully connected to database
2025-11-25 16:26:59,226 | INFO | src.utils.db | Inserted data_source id=4 name=projects_data.csv, type = csv
2025-11-25 16:26:59,238 | INFO | src.web.routes | Saved CSV file for source_id=4 to C:\Users\omerj\Documents\Revature\Project_1\Revature-Cognizant-Project1\data\sources\source_4.csv
2025-11-25 16:26:59,259 | INFO | src.utils.db | Successfully connected to database
2025-11-25 16:26:59,262 | ERROR | src.utils.db | Error executing update query: cannot adapt type 'WindowsPath' using placeholder '%s' (format: AUTO)
Traceback (most recent call last):
  File "C:\Users\omerj\Documents\Revature\Project_1\Revature-Cognizant-Project1\src\utils\db.py", line 120, in update_source_filepath
    cur.execute(sql,(target_file,source_id))
    ~~~~~~~~~~~^^^^^^^^^^^^^^^^^^^^^^^^^^^^^
  File "C:\Users\omerj\Documents\Revature\Project_1\Revature-Cognizant-Project1\.venv\Lib\site-packages\psycopg\cursor.py", line 97, in execute
    raise ex.with_traceback(None)
psycopg.ProgrammingError: cannot adapt type 'WindowsPath' using placeholder '%s' (format: AUTO)
2025-11-25 16:27:59,369 | INFO | src.main | Staring ETL BUILder Application
2025-11-25 16:27:59,416 | INFO | src.utils.db | Successfully connected to database
2025-11-25 16:27:59,420 | INFO | src.utils.db | Ensured data_sources table exists
2025-11-25 16:28:09,671 | INFO | src.main | Incoming request: POST /sources/upload
2025-11-25 16:28:09,855 | INFO | src.web.routes | Received CSV upload: filename=projects_data.csv, content_type=text/csv
2025-11-25 16:28:10,412 | INFO | src.web.routes | CSV parsed successfully: filename=projects_data.csv, shape=(18248, 57)
2025-11-25 16:28:10,435 | INFO | src.utils.db | Successfully connected to database
2025-11-25 16:28:10,443 | INFO | src.utils.db | Inserted data_source id=5 name=projects_data.csv, type = csv
2025-11-25 16:28:10,455 | INFO | src.web.routes | Saved CSV file for source_id=5 to C:\Users\omerj\Documents\Revature\Project_1\Revature-Cognizant-Project1\data\sources\source_5.csv
2025-11-25 16:28:10,482 | INFO | src.utils.db | Successfully connected to database
2025-11-25 16:28:10,531 | INFO | src.main | Completed request: POST /sources/upload -> 200
2025-11-25 16:33:14,038 | INFO | src.main | Staring ETL BUILder Application
2025-11-25 16:33:14,085 | INFO | src.utils.db | Successfully connected to database
2025-11-25 16:33:14,089 | INFO | src.utils.db | Ensured data_sources table exists
2025-11-25 16:33:19,085 | INFO | src.main | Incoming request: GET /sources
2025-11-25 16:33:19,122 | INFO | src.utils.db | Successfully connected to database
2025-11-25 16:33:19,141 | INFO | src.web.routes | Rendering sources page with 4 existing sources
2025-11-25 16:33:19,155 | INFO | src.main | Completed request: GET /sources -> 200
2025-11-25 16:33:26,512 | INFO | src.main | Incoming request: POST /sources/upload
2025-11-25 16:33:26,741 | INFO | src.web.routes | Received CSV upload: filename=projects_data.csv, content_type=text/csv
2025-11-25 16:33:27,268 | INFO | src.web.routes | CSV parsed successfully: filename=projects_data.csv, shape=(18248, 57)
2025-11-25 16:33:27,306 | INFO | src.utils.db | Successfully connected to database
2025-11-25 16:33:27,315 | INFO | src.utils.db | Inserted data_source id=6 name=projects_data.csv, type = csv
2025-11-25 16:33:27,326 | INFO | src.web.routes | Saved CSV file for source_id=6 to C:\Users\omerj\Documents\Revature\Project_1\Revature-Cognizant-Project1\data\sources\source_6.csv
2025-11-25 16:33:27,349 | INFO | src.utils.db | Successfully connected to database
2025-11-25 16:33:27,389 | INFO | src.main | Completed request: POST /sources/upload -> 200
2025-11-26 11:31:01,268 | INFO | src.main | Staring ETL BUILder Application
2025-11-26 11:31:01,455 | INFO | src.utils.db | Successfully connected to database
2025-11-26 11:31:01,477 | INFO | src.utils.db | Ensured data_sources table exists
2025-11-26 11:31:04,446 | INFO | src.main | Incoming request: GET /
2025-11-26 11:31:04,448 | INFO | src.web.routes | Rendering home page
2025-11-26 11:31:04,567 | INFO | src.main | Completed request: GET / -> 200
2025-11-26 11:31:04,607 | INFO | src.main | Incoming request: GET /static/css/style.css
2025-11-26 11:31:05,112 | INFO | src.main | Completed request: GET /static/css/style.css -> 304
2025-11-26 11:31:35,141 | INFO | src.main | Incoming request: GET /sources
2025-11-26 11:31:35,240 | INFO | src.utils.db | Successfully connected to database
2025-11-26 11:31:35,484 | INFO | src.web.routes | Rendering sources page with 5 existing sources
2025-11-26 11:31:35,549 | INFO | src.main | Completed request: GET /sources -> 200
2025-11-26 11:31:50,328 | INFO | src.main | Incoming request: POST /sources/upload
2025-11-26 11:31:50,908 | INFO | src.web.routes | Received CSV upload: filename=projects_data.csv, content_type=text/csv
2025-11-26 11:31:52,044 | INFO | src.web.routes | CSV parsed successfully: filename=projects_data.csv, shape=(18248, 57)
2025-11-26 11:31:52,091 | INFO | src.utils.db | Successfully connected to database
2025-11-26 11:31:52,121 | INFO | src.utils.db | Inserted data_source id=7 name=projects_data.csv, type = csv
2025-11-26 11:31:52,140 | INFO | src.web.routes | Saved CSV file for source_id=7 to C:\Users\omerj\Documents\Revature\Project_1\Revature-Cognizant-Project1\data\sources\source_7.csv
2025-11-26 11:31:52,184 | INFO | src.utils.db | Successfully connected to database
2025-11-26 11:31:52,310 | INFO | src.main | Completed request: POST /sources/upload -> 200
2025-12-01 12:19:26,475 | INFO | src.main | Staring ETL BUILder Application
2025-12-01 12:19:26,629 | INFO | src.utils.db | Successfully connected to database
2025-12-01 12:19:26,652 | INFO | src.utils.db | Ensured data_sources table exists
2025-12-01 12:19:29,915 | INFO | src.main | Incoming request: GET /
2025-12-01 12:19:29,917 | INFO | src.web.routes | Rendering home page
2025-12-01 12:19:29,991 | INFO | src.main | Completed request: GET / -> 200
2025-12-01 12:19:30,028 | INFO | src.main | Incoming request: GET /static/css/style.css
2025-12-01 12:19:30,435 | INFO | src.main | Completed request: GET /static/css/style.css -> 304
2025-12-01 12:19:33,364 | INFO | src.main | Incoming request: GET /sources
2025-12-01 12:19:33,433 | INFO | src.utils.db | Successfully connected to database
2025-12-01 12:19:33,624 | INFO | src.web.routes | Rendering sources page with 6 existing sources
2025-12-01 12:19:33,670 | INFO | src.main | Completed request: GET /sources -> 200
2025-12-01 12:19:49,258 | INFO | src.main | Incoming request: POST /sources/upload
2025-12-01 12:19:49,573 | INFO | src.web.routes | Received CSV upload: filename=projects_data.csv, content_type=text/csv
2025-12-01 12:19:50,148 | INFO | src.web.routes | CSV parsed successfully: filename=projects_data.csv, shape=(18248, 57)
2025-12-01 12:19:50,178 | INFO | src.utils.db | Successfully connected to database
2025-12-01 12:19:50,205 | INFO | src.utils.db | Inserted data_source id=8 name=projects_data.csv, type = csv
2025-12-01 12:19:50,217 | INFO | src.web.routes | Saved CSV file for source_id=8 to C:\Users\omerj\Documents\Revature\Project_1\Revature-Cognizant-Project1\data\sources\source_8.csv
2025-12-01 12:19:50,255 | INFO | src.utils.db | Successfully connected to database
2025-12-01 12:19:50,339 | INFO | src.main | Completed request: POST /sources/upload -> 200
2025-12-01 12:19:59,338 | INFO | src.main | Incoming request: POST /sources/8/validate
2025-12-01 12:20:30,707 | INFO | src.main | Staring ETL BUILder Application
2025-12-01 12:20:30,752 | INFO | src.utils.db | Successfully connected to database
2025-12-01 12:20:30,756 | INFO | src.utils.db | Ensured data_sources table exists
2025-12-01 12:20:43,746 | INFO | src.main | Incoming request: POST /sources/8/validate
2025-12-01 12:20:44,441 | INFO | src.web.routes | Validation done for source_id = 8
2025-12-01 12:20:44,469 | INFO | src.main | Completed request: POST /sources/8/validate -> 200
2025-12-01 12:22:53,372 | INFO | src.main | Staring ETL BUILder Application
2025-12-01 12:22:53,419 | INFO | src.utils.db | Successfully connected to database
2025-12-01 12:22:53,423 | INFO | src.utils.db | Ensured data_sources table exists
2025-12-01 12:23:00,216 | INFO | src.main | Incoming request: POST /sources/8/validate
2025-12-01 12:23:00,892 | INFO | src.web.routes | Validation done for source_id = 8
2025-12-01 12:23:00,933 | INFO | src.main | Completed request: POST /sources/8/validate -> 200
2025-12-01 12:23:49,614 | INFO | src.main | Staring ETL BUILder Application
2025-12-01 12:23:49,660 | INFO | src.utils.db | Successfully connected to database
2025-12-01 12:23:49,665 | INFO | src.utils.db | Ensured data_sources table exists
2025-12-01 12:23:52,382 | INFO | src.main | Incoming request: POST /sources/8/validate
2025-12-01 12:23:53,050 | INFO | src.web.routes | Validation done for source_id = 8
2025-12-01 12:23:53,090 | INFO | src.main | Completed request: POST /sources/8/validate -> 200
2025-12-01 12:37:13,170 | INFO | src.main | Incoming request: POST /sources/8/clean/drop-null-rows
2025-12-01 12:37:13,726 | INFO | src.web.routes | Cleaned source_id=8: dropped 18248 rows (from 18248 to 0). Saved to C:\Users\omerj\Documents\Revature\Project_1\Revature-Cognizant-Project1\data\sources\source_8_clean.csv
2025-12-01 12:37:13,735 | INFO | src.main | Completed request: POST /sources/8/clean/drop-null-rows -> 200
2025-12-01 14:41:24,378 | INFO | src.main | Staring ETL BUILder Application
2025-12-01 14:41:24,496 | INFO | src.utils.db | Successfully connected to database
2025-12-01 14:41:24,515 | INFO | src.utils.db | Ensured data_sources table exists
2025-12-01 14:42:47,789 | INFO | src.main | Incoming request: POST /sources/upload
2025-12-01 14:42:48,014 | INFO | src.web.routes | Received CSV upload: filename=projects_data.csv, content_type=text/csv
2025-12-01 14:42:48,549 | INFO | src.web.routes | CSV parsed successfully: filename=projects_data.csv, shape=(18248, 57)
2025-12-01 14:42:48,585 | INFO | src.utils.db | Successfully connected to database
2025-12-01 14:42:48,636 | INFO | src.utils.db | Inserted data_source id=9 name=projects_data.csv, type = csv
2025-12-01 14:42:48,648 | INFO | src.web.routes | Saved CSV file for source_id=9 to C:\Users\omerj\Documents\Revature\Project_1\Revature-Cognizant-Project1\data\sources\source_9.csv
2025-12-01 14:42:48,678 | INFO | src.utils.db | Successfully connected to database
2025-12-01 14:42:48,783 | INFO | src.main | Completed request: POST /sources/upload -> 200
2025-12-01 14:42:57,934 | INFO | src.main | Incoming request: POST /sources/9/validate
2025-12-01 14:42:58,584 | INFO | src.web.routes | Validation done for source_id = 9
2025-12-01 14:42:58,616 | INFO | src.main | Completed request: POST /sources/9/validate -> 200
2025-12-01 14:44:54,670 | INFO | src.main | Staring ETL BUILder Application
2025-12-01 14:44:54,716 | INFO | src.utils.db | Successfully connected to database
2025-12-01 14:44:54,720 | INFO | src.utils.db | Ensured data_sources table exists
2025-12-01 14:45:08,909 | INFO | src.main | Incoming request: GET /sources
2025-12-01 14:45:08,940 | INFO | src.utils.db | Successfully connected to database
2025-12-01 14:45:09,001 | INFO | src.web.routes | Rendering sources page with 8 existing sources
2025-12-01 14:45:09,039 | INFO | src.main | Completed request: GET /sources -> 200
2025-12-01 14:45:40,557 | INFO | src.main | Incoming request: POST /sources/upload
2025-12-01 14:45:40,729 | INFO | src.web.routes | Received CSV upload: filename=projects_data.csv, content_type=text/csv
2025-12-01 14:45:41,332 | INFO | src.web.routes | CSV parsed successfully: filename=projects_data.csv, shape=(18248, 57)
2025-12-01 14:45:41,366 | INFO | src.utils.db | Successfully connected to database
2025-12-01 14:45:41,379 | INFO | src.utils.db | Inserted data_source id=10 name=projects_data.csv, type = csv
2025-12-01 14:45:41,391 | INFO | src.web.routes | Saved CSV file for source_id=10 to C:\Users\omerj\Documents\Revature\Project_1\Revature-Cognizant-Project1\data\sources\source_10.csv
2025-12-01 14:45:41,421 | INFO | src.utils.db | Successfully connected to database
2025-12-01 14:45:41,476 | INFO | src.main | Completed request: POST /sources/upload -> 200
2025-12-01 14:45:45,291 | INFO | src.main | Incoming request: POST /sources/10/validate
2025-12-01 14:45:46,182 | INFO | src.web.routes | Validation done for source_id = 10
2025-12-01 14:45:46,211 | INFO | src.main | Completed request: POST /sources/10/validate -> 200
2025-12-01 14:46:28,648 | INFO | src.main | Incoming request: POST /sources/10/clean/drop-columns
2025-12-01 14:46:30,752 | INFO | src.web.routes | Dropped columns for source_id=10: ['projectdoc ', 'majorsector_percent ', 'mjsector1', 'mjsector2', 'mjsector3', 'mjsector4', 'mjsector5', 'mjtheme1name', 'mjtheme2name', 'mjtheme3name', 'mjtheme4name', 'mjtheme5name', 'Unnamed: 56'] (from 57 cols to 44). Saved to C:\Users\omerj\Documents\Revature\Project_1\Revature-Cognizant-Project1\data\sources\source_10_clean.csv
2025-12-01 14:46:30,786 | INFO | src.main | Completed request: POST /sources/10/clean/drop-columns -> 200
2025-12-01 14:46:37,716 | INFO | src.main | Incoming request: POST /sources/10/validate
2025-12-01 14:46:38,380 | INFO | src.web.routes | Validation done for source_id = 10
2025-12-01 14:46:38,388 | INFO | src.main | Completed request: POST /sources/10/validate -> 200
2025-12-01 14:48:05,055 | INFO | src.main | Incoming request: POST /sources/10/clean/drop-columns
2025-12-01 14:48:05,543 | INFO | src.web.routes | No columns selected to drop for source_id=10
2025-12-01 14:48:05,563 | INFO | src.main | Completed request: POST /sources/10/clean/drop-columns -> 200
2025-12-01 14:48:52,633 | INFO | src.main | Incoming request: POST /sources/10/validate
2025-12-01 14:48:53,259 | INFO | src.web.routes | Validation done for source_id = 10
2025-12-01 14:48:53,268 | INFO | src.main | Completed request: POST /sources/10/validate -> 200
2025-12-01 14:49:08,006 | INFO | src.main | Incoming request: POST /sources/10/clean/drop-columns
2025-12-01 14:49:09,321 | INFO | src.web.routes | Dropped columns for source_id=10: ['mjsector1', 'mjsector2', 'mjsector3', 'mjsector4', 'mjsector5'] (from 44 cols to 44). Saved to C:\Users\omerj\Documents\Revature\Project_1\Revature-Cognizant-Project1\data\sources\source_10_clean.csv
2025-12-01 14:49:09,343 | INFO | src.main | Completed request: POST /sources/10/clean/drop-columns -> 200
